2017-04-28 09:53:07,214 [ModalContext] INFO  o.e.m.c.i.e.AbstractTransferListenerAdapter - Downloaded https://repo.maven.apache.org/maven2/AddFriend _cucumber_project/com.FaceBook.www\\:https/1.1/com.FaceBook.www\\:https-1.1.pom
2017-04-28 09:53:07,222 [ModalContext] WARN  o.e.a.i.i.DefaultUpdateCheckManager - Failed to create parent directories for tracking file C:\Users\Keerthana\.m2\repository\AddFriend _cucumber_project\com.FaceBook.www\:https\1.1\com.FaceBook.www\:https-1.1.pom.lastUpdated
2017-04-28 09:53:07,285 [ModalContext] ERROR o.e.m.c.u.i.w.MavenProjectWizardArchetypePage - Can't resolve Archetype AddFriend _cucumber_project:com.FaceBook.www\\:https:1.1
org.eclipse.core.runtime.CoreException: Could not write artifact lastUpdated status
	at org.eclipse.m2e.core.internal.embedder.MavenImpl.setLastUpdated(MavenImpl.java:819) ~[na:na]
	at org.eclipse.m2e.core.internal.embedder.MavenImpl$5.call(MavenImpl.java:758) ~[na:na]
	at org.eclipse.m2e.core.internal.embedder.MavenImpl$5.call(MavenImpl.java:1) ~[na:na]
	at org.eclipse.m2e.core.internal.embedder.MavenExecutionContext.executeBare(MavenExecutionContext.java:176) ~[na:na]
	at org.eclipse.m2e.core.internal.embedder.MavenExecutionContext.execute(MavenExecutionContext.java:151) ~[na:na]
	at org.eclipse.m2e.core.internal.embedder.MavenExecutionContext.execute(MavenExecutionContext.java:99) ~[na:na]
	at org.eclipse.m2e.core.internal.embedder.MavenImpl.resolve(MavenImpl.java:743) ~[na:na]
	at org.eclipse.m2e.core.internal.embedder.MavenImpl.resolve(MavenImpl.java:720) ~[na:na]
	at org.eclipse.m2e.core.ui.internal.wizards.MavenProjectWizardArchetypePage$17.run(MavenProjectWizardArchetypePage.java:830) ~[org.eclipse.m2e.core.ui_1.7.0.20160603-1933.jar:na]
	at org.eclipse.jface.operation.ModalContext$ModalContextThread.run(ModalContext.java:119) [org.eclipse.jface_3.11.1.v20160128-1644.jar:na]
Caused by: java.io.FileNotFoundException: C:\Users\Keerthana\.m2\repository\AddFriend _cucumber_project\com.FaceBook.www\:https\1.1\m2e-lastUpdated.properties (The filename, directory name, or volume label syntax is incorrect)
	at java.io.FileOutputStream.open0(Native Method) ~[na:1.8.0_92]
	at java.io.FileOutputStream.open(Unknown Source) ~[na:1.8.0_92]
	at java.io.FileOutputStream.<init>(Unknown Source) ~[na:1.8.0_92]
	at java.io.FileOutputStream.<init>(Unknown Source) ~[na:1.8.0_92]
	at org.eclipse.m2e.core.internal.embedder.MavenImpl.setLastUpdated(MavenImpl.java:812) ~[na:na]
	... 9 common frames omitted
2017-04-28 09:55:17,178 [Worker-16] INFO  o.e.m.c.i.p.ProjectConfigurationManager - Collecting project info '/pom.xml' C:\Users\Keerthana\Desktop\Wallgreens\com.FaceBook\pom.xml
2017-04-28 09:55:26,196 [Worker-16] INFO  o.e.m.c.i.l.LifecycleMappingFactory - Using org.eclipse.m2e.jdt.JarLifecycleMapping lifecycle mapping for MavenProject: AddFriend_cucumber_project:com.FaceBook:0.0.1-SNAPSHOT @ C:\Users\Keerthana\Desktop\Wallgreens\com.FaceBook\pom.xml.
2017-04-28 09:55:28,979 [Worker-16] INFO  o.e.m.j.i.AbstractJavaProjectConfigurator - Adding source folder /com.FaceBook/src/main/java
2017-04-28 09:55:28,990 [Worker-16] INFO  o.e.m.j.i.AbstractJavaProjectConfigurator - Adding source folder /com.FaceBook/src/test/java
2017-04-28 09:55:29,661 [Worker-16] INFO  o.e.m.c.i.p.ProjectConfigurationManager - Imported and configured 1 project(s) in 12 sec
2017-04-28 09:55:30,410 [Worker-20] INFO  o.e.m.c.i.embedder.EclipseLogger - Using 'UTF-8' encoding to copy filtered resources.
2017-04-28 09:55:30,411 [Worker-20] INFO  o.e.m.c.i.embedder.EclipseLogger - skip non existing resourceDirectory C:\Users\Keerthana\Desktop\Wallgreens\com.FaceBook\src\main\resources
2017-04-28 09:55:30,413 [Worker-20] INFO  o.e.m.c.i.embedder.EclipseLogger - Using 'UTF-8' encoding to copy filtered resources.
2017-04-28 09:55:30,414 [Worker-20] INFO  o.e.m.c.i.embedder.EclipseLogger - skip non existing resourceDirectory C:\Users\Keerthana\Desktop\Wallgreens\com.FaceBook\src\test\resources
2017-04-28 10:00:31,907 [Worker-16] INFO  o.e.m.c.i.embedder.EclipseLogger - Using 'UTF-8' encoding to copy filtered resources.
2017-04-28 10:00:31,907 [Worker-16] INFO  o.e.m.c.i.embedder.EclipseLogger - skip non existing resourceDirectory C:\Users\Keerthana\Desktop\Wallgreens\com.FaceBook\src\main\resources
2017-04-28 10:00:31,910 [Worker-16] INFO  o.e.m.c.i.embedder.EclipseLogger - Using 'UTF-8' encoding to copy filtered resources.
2017-04-28 10:00:31,910 [Worker-16] INFO  o.e.m.c.i.embedder.EclipseLogger - skip non existing resourceDirectory C:\Users\Keerthana\Desktop\Wallgreens\com.FaceBook\src\test\resources
